<?xml version="1.0" encoding="UTF-8"?>
<!-- Generated by org.testng.reporters.JUnitXMLReporter -->
<testsuite hostname="GLENVWL-2MJMMX1" name="Test" tests="9" failures="0" timestamp="25 Apr 2017 19:55:42 GMT" time="41.574" errors="0">
  <testcase name="acorn1" time="0.017" classname="dayly_check.PSHomePage"/>
  <testcase name="acorn2" time="0.021" classname="dayly_check.PSHomePage"/>
  <testcase name="acorn3" time="0.014" classname="dayly_check.PSHomePage"/>
  <testcase name="acorn1" time="0.014" classname="dayly_check.Cart"/>
  <testcase name="acorn2" time="0.019" classname="dayly_check.Cart"/>
  <testcase name="acorn3" time="0.01" classname="dayly_check.Cart"/>
  <testcase name="acorn1" time="1.701" classname="dayly_check.Search"/>
  <testcase name="acorn2" time="1.762" classname="dayly_check.Search"/>
  <testcase name="acorn3" time="1.691" classname="dayly_check.Search"/>
</testsuite> <!-- Test -->
