<?xml version="1.0" encoding="UTF-8"?>
<testng-results skipped="0" failed="0" total="1" passed="1">
  <reporter-output>
  </reporter-output>
  <suite name="Suite" duration-ms="4305" started-at="2016-12-20T18:39:52Z" finished-at="2016-12-20T18:39:56Z">
    <groups>
    </groups>
    <test name="Test" duration-ms="4305" started-at="2016-12-20T18:39:52Z" finished-at="2016-12-20T18:39:56Z">
      <class name="jenkin1.DemoJenkings">
        <test-method status="PASS" signature="testJ()[pri:0, instance:jenkin1.DemoJenkings@77f03bb1]" name="testJ" duration-ms="4286" started-at="2016-12-20T12:39:52Z" finished-at="2016-12-20T12:39:56Z">
          <reporter-output>
          </reporter-output>
        </test-method> <!-- testJ -->
      </class> <!-- jenkin1.DemoJenkings -->
    </test> <!-- Test -->
  </suite> <!-- Suite -->
</testng-results>
