<?xml version="1.0" encoding="UTF-8"?>
<testng-results skipped="0" failed="0" ignored="0" total="1" passed="1">
  <reporter-output>
  </reporter-output>
  <suite name="Suite" duration-ms="4202" started-at="2016-12-20T19:21:32Z" finished-at="2016-12-20T19:21:36Z">
    <groups>
    </groups>
    <test name="Test" duration-ms="4202" started-at="2016-12-20T19:21:32Z" finished-at="2016-12-20T19:21:36Z">
      <class name="jenkin1.DemoJenkings">
        <test-method status="PASS" signature="testJ()[pri:0, instance:jenkin1.DemoJenkings@1efbd816]" name="testJ" duration-ms="4181" started-at="2016-12-20T13:21:32Z" finished-at="2016-12-20T13:21:36Z">
          <reporter-output>
          </reporter-output>
        </test-method> <!-- testJ -->
      </class> <!-- jenkin1.DemoJenkings -->
    </test> <!-- Test -->
  </suite> <!-- Suite -->
</testng-results>
