<?xml version="1.0" encoding="UTF-8"?>
<!-- Generated by org.testng.reporters.JUnitXMLReporter -->
<testsuite hostname="GLENVWL-2MJMMX1" name="Default test" tests="3" failures="0" timestamp="25 Apr 2017 19:50:53 GMT" time="19.313" errors="0">
  <testcase name="acorn1" time="1.753" classname="dayly_check.Search"/>
  <testcase name="acorn2" time="1.816" classname="dayly_check.Search"/>
  <testcase name="acorn3" time="1.652" classname="dayly_check.Search"/>
</testsuite> <!-- Default test -->
